MyITSTranskrip/app/build/intermediates/manifest_merge_blame_file/debug/manifest-merger-blame-debug-report.txt
1<?xml version="1.0" encoding="utf-8"?>
2<manifest xmlns:android="http://schemas.android.com/apk/res/android"
3    package="com.example.myitstranskrip"
4    android:versionCode="1"
5    android:versionName="1.0" >
6
7    <uses-sdk
8        android:minSdkVersion="26"
8-->src\main\AndroidManifest.xml
9        android:targetSdkVersion="33" />
9-->src\main\AndroidManifest.xml
10
11    <application
11-->src\main\AndroidManifest.xml:5:5-27:19
12        android:allowBackup="true"
12-->src\main\AndroidManifest.xml:6:9-35
13        android:appComponentFactory="androidx.core.app.CoreComponentFactory"
13-->[androidx.core:core:1.8.0] AndroidManifest.xml:24:18-86
14        android:dataExtractionRules="@xml/data_extraction_rules"
14-->src\main\AndroidManifest.xml:7:9-65
15        android:debuggable="true"
16        android:extractNativeLibs="false"
17        android:fullBackupContent="@xml/backup_rules"
17-->src\main\AndroidManifest.xml:8:9-54
18        android:icon="@mipmap/ic_launcher"
18-->src\main\AndroidManifest.xml:9:9-43
19        android:label="@string/app_name"
19-->src\main\AndroidManifest.xml:10:9-41
20        android:roundIcon="@mipmap/ic_launcher_round"
20-->src\main\AndroidManifest.xml:11:9-54
21        android:supportsRtl="true"
21-->src\main\AndroidManifest.xml:12:9-35
22        android:testOnly="true"
23        android:theme="@style/Theme.MyITSTranskrip" >
23-->src\main\AndroidManifest.xml:13:9-52
24        <activity
24-->src\main\AndroidManifest.xml:15:9-25:20
25            android:name="com.example.myitstranskrip.MainActivity"
25-->src\main\AndroidManifest.xml:16:13-41
26            android:exported="true"
26-->src\main\AndroidManifest.xml:17:13-36
27            android:label="@string/app_name"
27-->src\main\AndroidManifest.xml:18:13-45
28            android:theme="@style/Theme.MyITSTranskrip" >
28-->src\main\AndroidManifest.xml:19:13-56
29            <intent-filter>
29-->src\main\AndroidManifest.xml:20:13-24:29
30                <action android:name="android.intent.action.MAIN" />
30-->src\main\AndroidManifest.xml:21:17-69
30-->src\main\AndroidManifest.xml:21:25-66
31
32                <category android:name="android.intent.category.LAUNCHER" />
32-->src\main\AndroidManifest.xml:23:17-77
32-->src\main\AndroidManifest.xml:23:27-74
33            </intent-filter>
34        </activity>
35        <activity android:name="com.example.myitstranskrip.TranskripActivity" />
35-->src\main\AndroidManifest.xml:26:9-64
35-->src\main\AndroidManifest.xml:26:19-52
36        <activity
36-->[androidx.compose.ui:ui-tooling:1.3.0] AndroidManifest.xml:23:9-25:39
37            android:name="androidx.compose.ui.tooling.PreviewActivity"
37-->[androidx.compose.ui:ui-tooling:1.3.0] AndroidManifest.xml:24:13-71
38            android:exported="true" />
38-->[androidx.compose.ui:ui-tooling:1.3.0] AndroidManifest.xml:25:13-36
39        <activity
39-->[androidx.compose.ui:ui-test-manifest:1.3.0] AndroidManifest.xml:23:9-25:39
40            android:name="androidx.activity.ComponentActivity"
40-->[androidx.compose.ui:ui-test-manifest:1.3.0] AndroidManifest.xml:24:13-63
41            android:exported="true" />
41-->[androidx.compose.ui:ui-test-manifest:1.3.0] AndroidManifest.xml:25:13-36
42
43        <provider
43-->[androidx.profileinstaller:profileinstaller:1.2.0] AndroidManifest.xml:25:9-33:20
44            android:name="androidx.startup.InitializationProvider"
44-->[androidx.profileinstaller:profileinstaller:1.2.0] AndroidManifest.xml:26:13-67
45            android:authorities="com.example.myitstranskrip.androidx-startup"
45-->[androidx.profileinstaller:profileinstaller:1.2.0] AndroidManifest.xml:27:13-68
46            android:exported="false" >
46-->[androidx.profileinstaller:profileinstaller:1.2.0] AndroidManifest.xml:28:13-37
47            <meta-data
47-->[androidx.profileinstaller:profileinstaller:1.2.0] AndroidManifest.xml:30:13-32:52
48                android:name="androidx.profileinstaller.ProfileInstallerInitializer"
48-->[androidx.profileinstaller:profileinstaller:1.2.0] AndroidManifest.xml:31:17-85
49                android:value="androidx.startup" />
49-->[androidx.profileinstaller:profileinstaller:1.2.0] AndroidManifest.xml:32:17-49
50        </provider>
51
52        <receiver
52-->[androidx.profileinstaller:profileinstaller:1.2.0] AndroidManifest.xml:35:9-47:20
53            android:name="androidx.profileinstaller.ProfileInstallReceiver"
53-->[androidx.profileinstaller:profileinstaller:1.2.0] AndroidManifest.xml:36:13-76
54            android:directBootAware="false"
54-->[androidx.profileinstaller:profileinstaller:1.2.0] AndroidManifest.xml:37:13-44
55            android:enabled="true"
55-->[androidx.profileinstaller:profileinstaller:1.2.0] AndroidManifest.xml:38:13-35
56            android:exported="true"
56-->[androidx.profileinstaller:profileinstaller:1.2.0] AndroidManifest.xml:39:13-36
57            android:permission="android.permission.DUMP" >
57-->[androidx.profileinstaller:profileinstaller:1.2.0] AndroidManifest.xml:40:13-57
58            <intent-filter>
58-->[androidx.profileinstaller:profileinstaller:1.2.0] AndroidManifest.xml:41:13-43:29
59                <action android:name="androidx.profileinstaller.action.INSTALL_PROFILE" />
59-->[androidx.profileinstaller:profileinstaller:1.2.0] AndroidManifest.xml:42:17-91
59-->[androidx.profileinstaller:profileinstaller:1.2.0] AndroidManifest.xml:42:25-88
60            </intent-filter>
61            <intent-filter>
61-->[androidx.profileinstaller:profileinstaller:1.2.0] AndroidManifest.xml:44:13-46:29
62                <action android:name="androidx.profileinstaller.action.SKIP_FILE" />
62-->[androidx.profileinstaller:profileinstaller:1.2.0] AndroidManifest.xml:45:17-85
62-->[androidx.profileinstaller:profileinstaller:1.2.0] AndroidManifest.xml:45:25-82
63            </intent-filter>
64        </receiver>
65    </application>
66
67</manifest>